c:\users\x'moe\desktop\krkrextract\krkrextract\krkrextractdll\onig\release\euc_jp.obj
c:\users\x'moe\desktop\krkrextract\krkrextract\krkrextractdll\onig\release\euc_tw.obj
c:\users\x'moe\desktop\krkrextract\krkrextract\krkrextractdll\onig\release\iso8859_13.obj
c:\users\x'moe\desktop\krkrextract\krkrextract\krkrextractdll\onig\release\iso8859_15.obj
c:\users\x'moe\desktop\krkrextract\krkrextract\krkrextractdll\onig\release\iso8859_4.obj
c:\users\x'moe\desktop\krkrextract\krkrextract\krkrextractdll\onig\release\iso8859_9.obj
c:\users\x'moe\desktop\krkrextract\krkrextract\krkrextractdll\onig\release\unicode.obj
c:\users\x'moe\desktop\krkrextract\krkrextract\krkrextractdll\onig\release\regcomp.obj
c:\users\x'moe\desktop\krkrextract\krkrextract\krkrextractdll\onig\release\regposerr.obj
c:\users\x'moe\desktop\krkrextract\krkrextract\krkrextractdll\onig\release\regversion.obj
c:\users\x'moe\desktop\krkrextract\krkrextract\krkrextractdll\onig\release\cp1251.obj
c:\users\x'moe\desktop\krkrextract\krkrextract\krkrextractdll\onig\release\gb18030.obj
c:\users\x'moe\desktop\krkrextract\krkrextract\krkrextractdll\onig\release\iso8859_14.obj
c:\users\x'moe\desktop\krkrextract\krkrextract\krkrextractdll\onig\release\iso8859_3.obj
c:\users\x'moe\desktop\krkrextract\krkrextract\krkrextractdll\onig\release\koi8.obj
c:\users\x'moe\desktop\krkrextract\krkrextract\krkrextractdll\onig\release\utf16_be.obj
c:\users\x'moe\desktop\krkrextract\krkrextract\krkrextractdll\onig\release\utf32_be.obj
c:\users\x'moe\desktop\krkrextract\krkrextract\krkrextractdll\onig\release\regenc.obj
c:\users\x'moe\desktop\krkrextract\krkrextract\krkrextractdll\onig\release\regext.obj
c:\users\x'moe\desktop\krkrextract\krkrextract\krkrextractdll\onig\release\regsyntax.obj
c:\users\x'moe\desktop\krkrextract\krkrextract\krkrextractdll\onig\release\st.obj
c:\users\x'moe\desktop\krkrextract\krkrextract\krkrextractdll\onig\release\big5.obj
c:\users\x'moe\desktop\krkrextract\krkrextract\krkrextractdll\onig\release\euc_kr.obj
c:\users\x'moe\desktop\krkrextract\krkrextract\krkrextractdll\onig\release\iso8859_11.obj
c:\users\x'moe\desktop\krkrextract\krkrextract\krkrextractdll\onig\release\iso8859_2.obj
c:\users\x'moe\desktop\krkrextract\krkrextract\krkrextractdll\onig\release\iso8859_5.obj
c:\users\x'moe\desktop\krkrextract\krkrextract\krkrextractdll\onig\release\iso8859_8.obj
c:\users\x'moe\desktop\krkrextract\krkrextract\krkrextractdll\onig\release\sjis.obj
c:\users\x'moe\desktop\krkrextract\krkrextract\krkrextractdll\onig\release\utf32_le.obj
c:\users\x'moe\desktop\krkrextract\krkrextract\krkrextractdll\onig\release\regexec.obj
c:\users\x'moe\desktop\krkrextract\krkrextract\krkrextractdll\onig\release\regparse.obj
c:\users\x'moe\desktop\krkrextract\krkrextract\krkrextractdll\onig\release\ascii.obj
c:\users\x'moe\desktop\krkrextract\krkrextract\krkrextractdll\onig\release\iso8859_1.obj
c:\users\x'moe\desktop\krkrextract\krkrextract\krkrextractdll\onig\release\iso8859_10.obj
c:\users\x'moe\desktop\krkrextract\krkrextract\krkrextractdll\onig\release\iso8859_16.obj
c:\users\x'moe\desktop\krkrextract\krkrextract\krkrextractdll\onig\release\iso8859_6.obj
c:\users\x'moe\desktop\krkrextract\krkrextract\krkrextractdll\onig\release\iso8859_7.obj
c:\users\x'moe\desktop\krkrextract\krkrextract\krkrextractdll\onig\release\koi8_r.obj
c:\users\x'moe\desktop\krkrextract\krkrextract\krkrextractdll\onig\release\utf16_le.obj
c:\users\x'moe\desktop\krkrextract\krkrextract\krkrextractdll\onig\release\utf8.obj
c:\users\x'moe\desktop\krkrextract\krkrextract\krkrextractdll\onig\release\regerror.obj
c:\users\x'moe\desktop\krkrextract\krkrextract\krkrextractdll\onig\release\reggnu.obj
c:\users\x'moe\desktop\krkrextract\krkrextract\krkrextractdll\onig\release\regposix.obj
c:\users\x'moe\desktop\krkrextract\krkrextract\krkrextractdll\onig\release\regtrav.obj
c:\users\x'moe\desktop\krkrextract\krkrextract\krkrextractdll\onig\release\vc120.pdb
c:\users\x'moe\desktop\krkrextract\krkrextract\lib\onig_s.lib
c:\users\x'moe\desktop\krkrextract\krkrextract\krkrextractdll\onig\release\onig_s.tlog\cl.command.1.tlog
c:\users\x'moe\desktop\krkrextract\krkrextract\krkrextractdll\onig\release\onig_s.tlog\cl.read.1.tlog
c:\users\x'moe\desktop\krkrextract\krkrextract\krkrextractdll\onig\release\onig_s.tlog\cl.write.1.tlog
c:\users\x'moe\desktop\krkrextract\krkrextract\krkrextractdll\onig\release\onig_s.tlog\lib-link.read.1.tlog
c:\users\x'moe\desktop\krkrextract\krkrextract\krkrextractdll\onig\release\onig_s.tlog\lib-link.write.1.tlog
c:\users\x'moe\desktop\krkrextract\krkrextract\krkrextractdll\onig\release\onig_s.tlog\lib.command.1.tlog
