生成启动时间为 8/13/2017 2:30:08 PM。
     1>项目“I:\KrkrExtract\KrkrExtractDll\KrkrExtractDll.vcxproj”在节点 2 上(Build 个目标)。
     1>ClCompile:
         C:\Program Files (x86)\Microsoft Visual Studio 12.0\VC\bin\CL.exe /c /ZI /nologo /W3 /WX- /Od /Oy- /D WIN32 /D _DEBUG /D _WINDOWS /D _USRDLL /D KRKREXTRACTDLL_EXPORTS /D _WINDLL /D _UNICODE /D UNICODE /Gm /EHsc /RTC1 /MTd /GS /Zc:wchar_t /Zc:forScope /Fo"Debug\\" /Fd"Debug\vc120.pdb" /Gd /TP /analyze- /errorReport:prompt adler32.cpp compress.cpp crc32.cpp deflate.cpp FakePNG.cpp KrkrExtract.cpp ImageWorkerNcb.cpp inffast.cpp inflate.cpp inftrees.cpp Main.cpp KrkrTextDecode.cpp KrkrUniversalPatch.cpp lz4.cpp lz4frame.cpp lz4hc.cpp "mt19937-64.cpp" my.cpp MyHook.cpp KrkrPacker.cpp KrkrDumper.cpp PEFile.cpp PNGWorker.cpp PsbDecompilerJson.cpp PsbFile.cpp PsbWorker.cpp SavePNG.cpp savetlg5.cpp Slide.cpp Tjs2Disasm.cpp tjs2\tjs.cpp tjs2\tjs.tab.cpp tjs2\tjsArray.cpp tjs2\tjsBinarySerializer.cpp tjs2\tjsByteCodeLoader.cpp tjs2\tjsCompileControl.cpp tjs2\tjsConfig.cpp tjs2\tjsConstArrayData.cpp tjs2\tjsDate.cpp tjs2\tjsdate.tab.cpp tjs2\tjsDateParser.cpp tjs2\tjsDebug.cpp tjs2\tjsDictionary.cpp tjs2\tjsDisassemble.cpp tjs2\tjsError.cpp tjs2\tjsException.cpp tjs2\tjsGlobalStringMap.cpp tjs2\tjsInterCodeExec.cpp tjs2\tjsInterCodeGen.cpp tjs2\tjsInterface.cpp tjs2\tjsLex.cpp tjs2\tjsMath.cpp tjs2\tjsMessage.cpp "tjs2\tjsMT19937ar-cok.cpp" tjs2\tjsNamespace.cpp tjs2\tjsNative.cpp tjs2\tjsObject.cpp tjs2\tjsObjectExtendable.cpp tjs2\tjsOctPack.cpp tjs2\tjspp.tab.cpp tjs2\tjsRandomGenerator.cpp tjs2\tjsRegExp.cpp tjs2\tjsScriptBlock.cpp tjs2\tjsScriptCache.cpp tjs2\tjsString.cpp tjs2\tjsUtils.cpp tjs2\tjsVariant.cpp tjs2\tjsVariantString.cpp TLGDecoder.cpp tp_stub.cpp tree.cpp uncompr.cpp utils.cpp XP3Parser.cpp xxhash.cpp zutil.cpp
         zutil.cpp
         xxhash.cpp
     1>i:\krkrextract\krkrextractdll\xxhash.cpp(517): warning C4804: “/”: 在操作中使用类型“bool”不安全
     1>i:\krkrextract\krkrextractdll\xxhash.cpp(528): warning C4804: “/”: 在操作中使用类型“bool”不安全
         XP3Parser.cpp
         utils.cpp
         uncompr.cpp
         tree.cpp
         tp_stub.cpp
         TLGDecoder.cpp
         tjsVariantString.cpp
         tjsVariant.cpp
         tjsUtils.cpp
         tjsString.cpp
         tjsScriptCache.cpp
         tjsScriptBlock.cpp
     1>i:\krkrextract\krkrextractdll\tjs2\tjsscriptblock.cpp(505): warning C4996: 'swprintf': swprintf has been changed to conform with the ISO C standard, adding an extra character count parameter. To use traditional Microsoft swprintf, set _CRT_NON_CONFORMING_SWPRINTFS.
                 c:\program files (x86)\microsoft visual studio 12.0\vc\include\swprintf.inl(85) : 参见“swprintf”的声明
     1>i:\krkrextract\krkrextractdll\tjs2\tjsscriptblock.cpp(510): warning C4996: 'swprintf': swprintf has been changed to conform with the ISO C standard, adding an extra character count parameter. To use traditional Microsoft swprintf, set _CRT_NON_CONFORMING_SWPRINTFS.
                 c:\program files (x86)\microsoft visual studio 12.0\vc\include\swprintf.inl(85) : 参见“swprintf”的声明
     1>i:\krkrextract\krkrextractdll\tjs2\tjsscriptblock.cpp(515): warning C4996: 'swprintf': swprintf has been changed to conform with the ISO C standard, adding an extra character count parameter. To use traditional Microsoft swprintf, set _CRT_NON_CONFORMING_SWPRINTFS.
                 c:\program files (x86)\microsoft visual studio 12.0\vc\include\swprintf.inl(85) : 参见“swprintf”的声明
     1>i:\krkrextract\krkrextractdll\tjs2\tjsscriptblock.cpp(538): warning C4996: 'swprintf': swprintf has been changed to conform with the ISO C standard, adding an extra character count parameter. To use traditional Microsoft swprintf, set _CRT_NON_CONFORMING_SWPRINTFS.
                 c:\program files (x86)\microsoft visual studio 12.0\vc\include\swprintf.inl(85) : 参见“swprintf”的声明
     1>i:\krkrextract\krkrextractdll\tjs2\tjsscriptblock.cpp(543): warning C4996: 'swprintf': swprintf has been changed to conform with the ISO C standard, adding an extra character count parameter. To use traditional Microsoft swprintf, set _CRT_NON_CONFORMING_SWPRINTFS.
                 c:\program files (x86)\microsoft visual studio 12.0\vc\include\swprintf.inl(85) : 参见“swprintf”的声明
     1>i:\krkrextract\krkrextractdll\tjs2\tjsscriptblock.cpp(548): warning C4996: 'swprintf': swprintf has been changed to conform with the ISO C standard, adding an extra character count parameter. To use traditional Microsoft swprintf, set _CRT_NON_CONFORMING_SWPRINTFS.
                 c:\program files (x86)\microsoft visual studio 12.0\vc\include\swprintf.inl(85) : 参见“swprintf”的声明
         tjsRegExp.cpp
         tjsRandomGenerator.cpp
         tjspp.tab.cpp
         tjsOctPack.cpp
         tjsObjectExtendable.cpp
         tjsObject.cpp
         正在生成代码...
         正在编译...
         tjsNative.cpp
         tjsNamespace.cpp
         tjsMT19937ar-cok.cpp
         tjsMessage.cpp
         tjsMath.cpp
         tjsLex.cpp
         tjsInterface.cpp
         tjsInterCodeGen.cpp
         tjsInterCodeExec.cpp
         tjsGlobalStringMap.cpp
         tjsException.cpp
         tjsError.cpp
         tjsDisassemble.cpp
     1>i:\krkrextract\krkrextractdll\tjs2\tjsdisassemble.cpp(325): warning C4996: 'swprintf': swprintf has been changed to conform with the ISO C standard, adding an extra character count parameter. To use traditional Microsoft swprintf, set _CRT_NON_CONFORMING_SWPRINTFS.
                 c:\program files (x86)\microsoft visual studio 12.0\vc\include\swprintf.inl(85) : 参见“swprintf”的声明
     1>i:\krkrextract\krkrextractdll\tjs2\tjsdisassemble.cpp(195): warning C4101: “buf”: 未引用的局部变量
         tjsDictionary.cpp
         tjsDebug.cpp
         tjsDateParser.cpp
         tjsdate.tab.cpp
         tjsDate.cpp
         tjsConstArrayData.cpp
         tjsConfig.cpp
         正在生成代码...
         正在编译...
         tjsCompileControl.cpp
         tjsByteCodeLoader.cpp
         tjsBinarySerializer.cpp
         tjsArray.cpp
         tjs.tab.cpp
         tjs.cpp
         Tjs2Disasm.cpp
         Slide.cpp
         savetlg5.cpp
         SavePNG.cpp
         PsbWorker.cpp
     1>i:\krkrextract\krkrextractdll\psbworker.cpp(1358): warning C4996: '_gcvt': This function or variable may be unsafe. Consider using _gcvt_s instead. To disable deprecation, use _CRT_SECURE_NO_WARNINGS. See online help for details.
                 c:\program files (x86)\microsoft visual studio 12.0\vc\include\stdlib.h(786) : 参见“_gcvt”的声明
         PsbFile.cpp
         PsbDecompilerJson.cpp
         PNGWorker.cpp
         PEFile.cpp
         KrkrDumper.cpp
         KrkrPacker.cpp
         MyHook.cpp
         my.cpp
         mt19937-64.cpp
         正在生成代码...
         正在编译...
         lz4hc.cpp
         lz4frame.cpp
         lz4.cpp
         KrkrUniversalPatch.cpp
         KrkrTextDecode.cpp
         Main.cpp
         inftrees.cpp
         inflate.cpp
         inffast.cpp
         ImageWorkerNcb.cpp
         KrkrExtract.cpp
         FakePNG.cpp
         deflate.cpp
         crc32.cpp
         compress.cpp
         adler32.cpp
         正在生成代码...
       ResourceCompile:
         C:\Program Files (x86)\Windows Kits\8.1\bin\x86\rc.exe /D _UNICODE /D UNICODE /l"0x0409" /nologo /fo"Debug\KrkrExtractDll.res" KrkrExtractDll.rc 
       Link:
         C:\Program Files (x86)\Microsoft Visual Studio 12.0\VC\bin\link.exe /ERRORREPORT:PROMPT /OUT:"I:\KrkrExtract\Debug\KrkrExtractDll.dll" /INCREMENTAL /NOLOGO I:\KrkrExtract\lib\onig_s.lib kernel32.lib user32.lib gdi32.lib winspool.lib comdlg32.lib advapi32.lib shell32.lib ole32.lib oleaut32.lib uuid.lib odbc32.lib odbccp32.lib /MANIFEST /MANIFESTUAC:"level='asInvoker' uiAccess='false'" /manifest:embed /DEBUG /PDB:"I:\KrkrExtract\Debug\KrkrExtractDll.pdb" /SUBSYSTEM:WINDOWS /TLBID:1 /DYNAMICBASE /NXCOMPAT /IMPLIB:"I:\KrkrExtract\Debug\KrkrExtractDll.lib" /MACHINE:X86 /DLL Debug\KrkrExtractDll.res
         Debug\adler32.obj
         Debug\compress.obj
         Debug\crc32.obj
         Debug\deflate.obj
         Debug\FakePNG.obj
         Debug\KrkrExtract.obj
         Debug\ImageWorkerNcb.obj
         Debug\inffast.obj
         Debug\inflate.obj
         Debug\inftrees.obj
         Debug\Main.obj
         Debug\KrkrTextDecode.obj
         Debug\KrkrUniversalPatch.obj
         Debug\lz4.obj
         Debug\lz4frame.obj
         Debug\lz4hc.obj
         "Debug\mt19937-64.obj"
         Debug\my.obj
         Debug\MyHook.obj
         Debug\KrkrPacker.obj
         Debug\KrkrDumper.obj
         Debug\PEFile.obj
         Debug\PNGWorker.obj
         Debug\PsbDecompilerJson.obj
         Debug\PsbFile.obj
         Debug\PsbWorker.obj
         Debug\SavePNG.obj
         Debug\savetlg5.obj
         Debug\Slide.obj
         Debug\Tjs2Disasm.obj
         Debug\tjs.obj
         Debug\tjs.tab.obj
         Debug\tjsArray.obj
         Debug\tjsBinarySerializer.obj
         Debug\tjsByteCodeLoader.obj
         Debug\tjsCompileControl.obj
         Debug\tjsConfig.obj
         Debug\tjsConstArrayData.obj
         Debug\tjsDate.obj
         Debug\tjsdate.tab.obj
         Debug\tjsDateParser.obj
         Debug\tjsDebug.obj
         Debug\tjsDictionary.obj
         Debug\tjsDisassemble.obj
         Debug\tjsError.obj
         Debug\tjsException.obj
         Debug\tjsGlobalStringMap.obj
         Debug\tjsInterCodeExec.obj
         Debug\tjsInterCodeGen.obj
         Debug\tjsInterface.obj
         Debug\tjsLex.obj
         Debug\tjsMath.obj
         Debug\tjsMessage.obj
         "Debug\tjsMT19937ar-cok.obj"
         Debug\tjsNamespace.obj
         Debug\tjsNative.obj
         Debug\tjsObject.obj
         Debug\tjsObjectExtendable.obj
         Debug\tjsOctPack.obj
         Debug\tjspp.tab.obj
         Debug\tjsRandomGenerator.obj
         Debug\tjsRegExp.obj
         Debug\tjsScriptBlock.obj
         Debug\tjsScriptCache.obj
         Debug\tjsString.obj
         Debug\tjsUtils.obj
         Debug\tjsVariant.obj
         Debug\tjsVariantString.obj
         Debug\TLGDecoder.obj
         Debug\tp_stub.obj
         Debug\tree.obj
         Debug\uncompr.obj
         Debug\utils.obj
         Debug\XP3Parser.obj
         Debug\xxhash.obj
         Debug\zutil.obj
         onig_s.lib(regerror.obj) : 找到 MSIL .netmodule 或使用 /GL 编译的模块；正在使用 /LTCG 重新启动链接；将 /LTCG 添加到链接命令行以改进链接器性能
     1>LINK : warning LNK4075: 
     1>adler32.obj : warning LNK4075: 
     1>jsoncpp.lib(json_value.obj) : error LNK2038: 
     1>jsoncpp.lib(json_value.obj) : error LNK2038: 
     1>jsoncpp.lib(json_writer.obj) : error LNK2038: 
     1>jsoncpp.lib(json_writer.obj) : error LNK2038: 
     1>libcpmt.lib(uncaught.obj) : error LNK2038: 
     1>libcpmt.lib(uncaught.obj) : error LNK2038: 
     1>libcpmt.lib(locale0.obj) : error LNK2038: 
     1>libcpmt.lib(locale0.obj) : error LNK2038: 
     1>libcpmt.lib(ios.obj) : error LNK2038: 
     1>libcpmt.lib(ios.obj) : error LNK2038: 
     1>libcpmt.lib(iomanip.obj) : error LNK2038: 
     1>libcpmt.lib(iomanip.obj) : error LNK2038: 
     1>libcpmt.lib(iosptrs.obj) : error LNK2038: 
     1>libcpmt.lib(iosptrs.obj) : error LNK2038: 
     1>libcpmt.lib(locale.obj) : error LNK2038: 
     1>libcpmt.lib(locale.obj) : error LNK2038: 
     1>libcpmt.lib(wlocale.obj) : error LNK2038: 
     1>libcpmt.lib(wlocale.obj) : error LNK2038: 
     1>libcpmt.lib(xlocale.obj) : error LNK2038: 
     1>libcpmt.lib(xlocale.obj) : error LNK2038: 
     1>libcpmt.lib(xdateord.obj) : error LNK2038: 
     1>libcpmt.lib(xdateord.obj) : error LNK2038: 
            
     1>LINK : warning LNK4098: 
     1>I:\KrkrExtract\Debug\KrkrExtractDll.dll : fatal error LNK1319: 
     1>已完成生成项目“I:\KrkrExtract\KrkrExtractDll\KrkrExtractDll.vcxproj”(Build 个目标)的操作 - 失败。

生成失败。

已用时间 00:01:01.23
