i:\krkrextract\krkrextractdll\onig\release\euc_tw.obj
i:\krkrextract\krkrextractdll\onig\release\iso8859_11.obj
i:\krkrextract\krkrextractdll\onig\release\iso8859_3.obj
i:\krkrextract\krkrextractdll\onig\release\koi8_r.obj
i:\krkrextract\krkrextractdll\onig\release\regcomp.obj
i:\krkrextract\krkrextractdll\onig\release\big5.obj
i:\krkrextract\krkrextractdll\onig\release\iso8859_2.obj
i:\krkrextract\krkrextractdll\onig\release\iso8859_8.obj
i:\krkrextract\krkrextractdll\onig\release\utf16_le.obj
i:\krkrextract\krkrextractdll\onig\release\regext.obj
i:\krkrextract\krkrextractdll\onig\release\regposix.obj
i:\krkrextract\krkrextractdll\onig\release\iso8859_1.obj
i:\krkrextract\krkrextractdll\onig\release\iso8859_13.obj
i:\krkrextract\krkrextractdll\onig\release\iso8859_6.obj
i:\krkrextract\krkrextractdll\onig\release\unicode.obj
i:\krkrextract\krkrextractdll\onig\release\regsyntax.obj
i:\krkrextract\krkrextractdll\onig\release\cp1251.obj
i:\krkrextract\krkrextractdll\onig\release\iso8859_15.obj
i:\krkrextract\krkrextractdll\onig\release\koi8.obj
i:\krkrextract\krkrextractdll\onig\release\utf8.obj
i:\krkrextract\krkrextractdll\onig\release\reggnu.obj
i:\krkrextract\krkrextractdll\onig\release\regtrav.obj
i:\krkrextract\krkrextractdll\onig\release\euc_jp.obj
i:\krkrextract\krkrextractdll\onig\release\iso8859_5.obj
i:\krkrextract\krkrextractdll\onig\release\utf16_be.obj
i:\krkrextract\krkrextractdll\onig\release\regenc.obj
i:\krkrextract\krkrextractdll\onig\release\regposerr.obj
i:\krkrextract\krkrextractdll\onig\release\euc_kr.obj
i:\krkrextract\krkrextractdll\onig\release\iso8859_14.obj
i:\krkrextract\krkrextractdll\onig\release\iso8859_7.obj
i:\krkrextract\krkrextractdll\onig\release\utf32_be.obj
i:\krkrextract\krkrextractdll\onig\release\regerror.obj
i:\krkrextract\krkrextractdll\onig\release\regversion.obj
i:\krkrextract\krkrextractdll\onig\release\ascii.obj
i:\krkrextract\krkrextractdll\onig\release\iso8859_10.obj
i:\krkrextract\krkrextractdll\onig\release\iso8859_4.obj
i:\krkrextract\krkrextractdll\onig\release\sjis.obj
i:\krkrextract\krkrextractdll\onig\release\regparse.obj
i:\krkrextract\krkrextractdll\onig\release\gb18030.obj
i:\krkrextract\krkrextractdll\onig\release\iso8859_16.obj
i:\krkrextract\krkrextractdll\onig\release\iso8859_9.obj
i:\krkrextract\krkrextractdll\onig\release\utf32_le.obj
i:\krkrextract\krkrextractdll\onig\release\regexec.obj
i:\krkrextract\krkrextractdll\onig\release\st.obj
i:\krkrextract\krkrextractdll\onig\release\onig_s.pdb
i:\krkrextract\lib\onig_s.lib
i:\krkrextract\krkrextractdll\onig\release\onig_s.tlog\cl.write.1.tlog
i:\krkrextract\krkrextractdll\onig\release\onig_s.tlog\cl.command.1.tlog
i:\krkrextract\krkrextractdll\onig\release\onig_s.tlog\lib-link.read.1.tlog
i:\krkrextract\krkrextractdll\onig\release\onig_s.tlog\lib-link.write.1.tlog
i:\krkrextract\krkrextractdll\onig\release\onig_s.tlog\lib.command.1.tlog
i:\krkrextract\krkrextractdll\onig\release\onig_s.tlog\cl.read.1.tlog
