i:\krkrextract\krkrextractdll\release\vc141.pdb
i:\krkrextract\krkrextractdll\release\krkruniversalpatch.obj
i:\krkrextract\krkrextractdll\release\krkrtextdecode.obj
i:\krkrextract\krkrextractdll\release\main.obj
i:\krkrextract\krkrextractdll\release\localeemulator.obj
i:\krkrextract\krkrextractdll\release\krkruniversaldumper.obj
i:\krkrextract\krkrextractdll\release\inftrees.obj
i:\krkrextract\krkrextractdll\release\inflate.obj
i:\krkrextract\krkrextractdll\release\inffast.obj
i:\krkrextract\krkrextractdll\release\imageworkerncb.obj
i:\krkrextract\krkrextractdll\release\krkrextract.obj
i:\krkrextract\krkrextractdll\release\kernel32hook.obj
i:\krkrextract\krkrextractdll\release\hookport.obj
i:\krkrextract\krkrextractdll\release\handletable.obj
i:\krkrextract\krkrextractdll\release\fakepng.obj
i:\krkrextract\krkrextractdll\release\deflate.obj
i:\krkrextract\krkrextractdll\release\crc64.obj
i:\krkrextract\krkrextractdll\release\crc32.obj
i:\krkrextract\krkrextractdll\release\compress.obj
i:\krkrextract\krkrextractdll\release\amvextractor.obj
i:\krkrextract\krkrextractdll\release\adler32.obj
i:\krkrextract\krkrextractdll\release\tjs.tab.obj
i:\krkrextract\krkrextractdll\release\tjs.obj
i:\krkrextract\krkrextractdll\release\tjs2disasm.obj
i:\krkrextract\krkrextractdll\release\slide.obj
i:\krkrextract\krkrextractdll\release\savetlg5.obj
i:\krkrextract\krkrextractdll\release\savepng.obj
i:\krkrextract\krkrextractdll\release\psbworker.obj
i:\krkrextract\krkrextractdll\release\psbfile.obj
i:\krkrextract\krkrextractdll\release\psbdecompilerjson.obj
i:\krkrextract\krkrextractdll\release\pngworker.obj
i:\krkrextract\krkrextractdll\release\pefile.obj
i:\krkrextract\krkrextractdll\release\ntdllhook.obj
i:\krkrextract\krkrextractdll\release\krkrdumper.obj
i:\krkrextract\krkrextractdll\release\krkrpacker.obj
i:\krkrextract\krkrextractdll\release\myhook.obj
i:\krkrextract\krkrextractdll\release\my.obj
i:\krkrextract\krkrextractdll\release\mt19937-64.obj
i:\krkrextract\krkrextractdll\release\lz4hc.obj
i:\krkrextract\krkrextractdll\release\lz4frame.obj
i:\krkrextract\krkrextractdll\release\lz4.obj
i:\krkrextract\krkrextractdll\release\tjsmath.obj
i:\krkrextract\krkrextractdll\release\tjslex.obj
i:\krkrextract\krkrextractdll\release\tjsinterface.obj
i:\krkrextract\krkrextractdll\release\tjsintercodegen.obj
i:\krkrextract\krkrextractdll\release\tjsintercodeexec.obj
i:\krkrextract\krkrextractdll\release\tjsglobalstringmap.obj
i:\krkrextract\krkrextractdll\release\tjsexception.obj
i:\krkrextract\krkrextractdll\release\tjserror.obj
i:\krkrextract\krkrextractdll\release\tjsdisassemble.obj
i:\krkrextract\krkrextractdll\release\tjsdictionary.obj
i:\krkrextract\krkrextractdll\release\tjsdebug.obj
i:\krkrextract\krkrextractdll\release\tjsdateparser.obj
i:\krkrextract\krkrextractdll\release\tjsdate.tab.obj
i:\krkrextract\krkrextractdll\release\tjsdate.obj
i:\krkrextract\krkrextractdll\release\tjsconstarraydata.obj
i:\krkrextract\krkrextractdll\release\tjsconfig.obj
i:\krkrextract\krkrextractdll\release\tjscompilecontrol.obj
i:\krkrextract\krkrextractdll\release\tjsbytecodeloader.obj
i:\krkrextract\krkrextractdll\release\tjsbinaryserializer.obj
i:\krkrextract\krkrextractdll\release\tjsarray.obj
i:\krkrextract\krkrextractdll\release\uncompr.obj
i:\krkrextract\krkrextractdll\release\tree.obj
i:\krkrextract\krkrextractdll\release\tp_stub.obj
i:\krkrextract\krkrextractdll\release\tlgdecoder.obj
i:\krkrextract\krkrextractdll\release\tjsvariantstring.obj
i:\krkrextract\krkrextractdll\release\tjsvariant.obj
i:\krkrextract\krkrextractdll\release\tjsutils.obj
i:\krkrextract\krkrextractdll\release\tjsstring.obj
i:\krkrextract\krkrextractdll\release\tjsscriptcache.obj
i:\krkrextract\krkrextractdll\release\tjsscriptblock.obj
i:\krkrextract\krkrextractdll\release\tjsregexp.obj
i:\krkrextract\krkrextractdll\release\tjsrandomgenerator.obj
i:\krkrextract\krkrextractdll\release\tjspp.tab.obj
i:\krkrextract\krkrextractdll\release\tjsoctpack.obj
i:\krkrextract\krkrextractdll\release\tjsobjectextendable.obj
i:\krkrextract\krkrextractdll\release\tjsobject.obj
i:\krkrextract\krkrextractdll\release\tjsnative.obj
i:\krkrextract\krkrextractdll\release\tjsnamespace.obj
i:\krkrextract\krkrextractdll\release\tjsmt19937ar-cok.obj
i:\krkrextract\krkrextractdll\release\tjsmessage.obj
i:\krkrextract\krkrextractdll\release\zutil.obj
i:\krkrextract\krkrextractdll\release\xxhash.obj
i:\krkrextract\krkrextractdll\release\xp3parser.obj
i:\krkrextract\krkrextractdll\release\utils.obj
i:\krkrextract\krkrextractdll\release\utility.obj
i:\krkrextract\krkrextractdll\release\vc120.pdb
i:\krkrextract\krkrextractdll\release\krkrextractdll.res
i:\krkrextract\release\krkrextract.dll
i:\krkrextract\release\krkrextract.pdb
i:\krkrextract\release\krkrextract.lib
i:\krkrextract\release\krkrextract.exp
i:\krkrextract\release\krkrextract.ipdb
i:\krkrextract\release\krkrextract.iobj
i:\krkrextract\krkrextractdll\release\krkrextractdll.tlog\cl.write.1.tlog
i:\krkrextract\krkrextractdll\release\krkrextractdll.tlog\cl.command.1.tlog
i:\krkrextract\krkrextractdll\release\krkrextractdll.tlog\rc.write.1.tlog
i:\krkrextract\krkrextractdll\release\krkrextractdll.tlog\rc.command.1.tlog
i:\krkrextract\krkrextractdll\release\krkrextractdll.tlog\link.write.1.tlog
i:\krkrextract\krkrextractdll\release\krkrextractdll.tlog\link.command.1.tlog
i:\krkrextract\krkrextractdll\release\krkrextractdll.tlog\krkrextractdll.write.1u.tlog
i:\krkrextract\krkrextractdll\release\krkrextractdll.tlog\cl.read.1.tlog
i:\krkrextract\krkrextractdll\release\krkrextractdll.tlog\rc.read.1.tlog
i:\krkrextract\krkrextractdll\release\krkrextractdll.tlog\link.read.1.tlog
