生成启动时间为 8/13/2017 2:27:04 PM。
     1>项目“I:\KrkrExtract\KrkrExtractDll\onig\onig_s.vcxproj”在节点 2 上(Build 个目标)。
     1>ClCompile:
         C:\Program Files (x86)\Microsoft Visual Studio 12.0\VC\bin\CL.exe /c /I.\ /ZI /nologo /W3 /WX- /Od /Oy- /D ONIG_EXTERN=extern /D HAVE_CONFIG_H /D NOT_RUBY /D EXPORT /D WIN32 /D _DEBUG /D _LIB /D _UNICODE /D UNICODE /Gm /EHsc /RTC1 /MTd /GS /Zc:wchar_t /Zc:forScope /Fo"Debug\\" /Fd"Debug\vc120.pdb" /Gd /TC /analyze- /errorReport:prompt enc\ascii.c enc\big5.c enc\cp1251.c enc\euc_jp.c enc\euc_kr.c enc\euc_tw.c enc\gb18030.c enc\iso8859_1.c enc\iso8859_10.c enc\iso8859_11.c enc\iso8859_13.c enc\iso8859_14.c enc\iso8859_15.c enc\iso8859_16.c enc\iso8859_2.c enc\iso8859_3.c enc\iso8859_4.c enc\iso8859_5.c enc\iso8859_6.c enc\iso8859_7.c enc\iso8859_8.c enc\iso8859_9.c enc\koi8.c enc\koi8_r.c enc\sjis.c enc\unicode.c enc\utf16_be.c enc\utf16_le.c enc\utf32_be.c enc\utf32_le.c enc\utf8.c regcomp.c regenc.c regerror.c regexec.c regext.c reggnu.c regparse.c regposerr.c regposix.c regsyntax.c regtrav.c regversion.c st.c
         st.c
         regversion.c
     1>i:\krkrextract\krkrextractdll\onig\regversion.c(42): warning C4996: 'sprintf': This function or variable may be unsafe. Consider using sprintf_s instead. To disable deprecation, use _CRT_SECURE_NO_WARNINGS. See online help for details.
                 c:\program files (x86)\microsoft visual studio 12.0\vc\include\stdio.h(356) : 参见“sprintf”的声明
     1>i:\krkrextract\krkrextractdll\onig\regversion.c(54): warning C4996: 'sprintf': This function or variable may be unsafe. Consider using sprintf_s instead. To disable deprecation, use _CRT_SECURE_NO_WARNINGS. See online help for details.
                 c:\program files (x86)\microsoft visual studio 12.0\vc\include\stdio.h(356) : 参见“sprintf”的声明
         regtrav.c
         regsyntax.c
         regposix.c
         regposerr.c
     1>i:\krkrextract\krkrextractdll\onig\regposerr.c(87): warning C4996: 'sprintf': This function or variable may be unsafe. Consider using sprintf_s instead. To disable deprecation, use _CRT_SECURE_NO_WARNINGS. See online help for details.
                 c:\program files (x86)\microsoft visual studio 12.0\vc\include\stdio.h(356) : 参见“sprintf”的声明
     1>i:\krkrextract\krkrextractdll\onig\regposerr.c(94): warning C4996: 'strncpy': This function or variable may be unsafe. Consider using strncpy_s instead. To disable deprecation, use _CRT_SECURE_NO_WARNINGS. See online help for details.
                 c:\program files (x86)\microsoft visual studio 12.0\vc\include\string.h(195) : 参见“strncpy”的声明
         regparse.c
         reggnu.c
         regext.c
         regexec.c
         regerror.c
     1>i:\krkrextract\krkrextractdll\onig\regerror.c(187): warning C4996: 'sprintf': This function or variable may be unsafe. Consider using sprintf_s instead. To disable deprecation, use _CRT_SECURE_NO_WARNINGS. See online help for details.
                 c:\program files (x86)\microsoft visual studio 12.0\vc\include\stdio.h(356) : 参见“sprintf”的声明
     1>i:\krkrextract\krkrextractdll\onig\regerror.c(192): warning C4996: 'sprintf': This function or variable may be unsafe. Consider using sprintf_s instead. To disable deprecation, use _CRT_SECURE_NO_WARNINGS. See online help for details.
                 c:\program files (x86)\microsoft visual studio 12.0\vc\include\stdio.h(356) : 参见“sprintf”的声明
     1>i:\krkrextract\krkrextractdll\onig\regerror.c(336): warning C4996: '_vsnprintf': This function or variable may be unsafe. Consider using _vsnprintf_s instead. To disable deprecation, use _CRT_SECURE_NO_WARNINGS. See online help for details.
                 c:\program files (x86)\microsoft visual studio 12.0\vc\include\stdio.h(346) : 参见“_vsnprintf”的声明
     1>i:\krkrextract\krkrextractdll\onig\regerror.c(342): warning C4996: 'strcat': This function or variable may be unsafe. Consider using strcat_s instead. To disable deprecation, use _CRT_SECURE_NO_WARNINGS. See online help for details.
                 c:\program files (x86)\microsoft visual studio 12.0\vc\include\string.h(118) : 参见“strcat”的声明
         regenc.c
         regcomp.c
         utf8.c
         utf32_le.c
         utf32_be.c
         utf16_le.c
         utf16_be.c
         unicode.c
         sjis.c
         正在生成代码...
         正在编译...
         koi8_r.c
         koi8.c
         iso8859_9.c
         iso8859_8.c
         iso8859_7.c
         iso8859_6.c
         iso8859_5.c
         iso8859_4.c
         iso8859_3.c
         iso8859_2.c
         iso8859_16.c
         iso8859_15.c
         iso8859_14.c
         iso8859_13.c
         iso8859_11.c
         iso8859_10.c
         iso8859_1.c
         gb18030.c
         euc_tw.c
         euc_kr.c
         正在生成代码...
         正在编译...
         euc_jp.c
         cp1251.c
         big5.c
         ascii.c
         正在生成代码...
       Lib:
         C:\Program Files (x86)\Microsoft Visual Studio 12.0\VC\bin\Lib.exe /OUT:"I:\KrkrExtract\lib\onig_s_d.lib" /NOLOGO Debug\ascii.obj
         Debug\big5.obj
         Debug\cp1251.obj
         Debug\euc_jp.obj
         Debug\euc_kr.obj
         Debug\euc_tw.obj
         Debug\gb18030.obj
         Debug\iso8859_1.obj
         Debug\iso8859_10.obj
         Debug\iso8859_11.obj
         Debug\iso8859_13.obj
         Debug\iso8859_14.obj
         Debug\iso8859_15.obj
         Debug\iso8859_16.obj
         Debug\iso8859_2.obj
         Debug\iso8859_3.obj
         Debug\iso8859_4.obj
         Debug\iso8859_5.obj
         Debug\iso8859_6.obj
         Debug\iso8859_7.obj
         Debug\iso8859_8.obj
         Debug\iso8859_9.obj
         Debug\koi8.obj
         Debug\koi8_r.obj
         Debug\sjis.obj
         Debug\unicode.obj
         Debug\utf16_be.obj
         Debug\utf16_le.obj
         Debug\utf32_be.obj
         Debug\utf32_le.obj
         Debug\utf8.obj
         Debug\regcomp.obj
         Debug\regenc.obj
         Debug\regerror.obj
         Debug\regexec.obj
         Debug\regext.obj
         Debug\reggnu.obj
         Debug\regparse.obj
         Debug\regposerr.obj
         Debug\regposix.obj
         Debug\regsyntax.obj
         Debug\regtrav.obj
         Debug\regversion.obj
         Debug\st.obj
         onig_s.vcxproj -> I:\KrkrExtract\lib\onig_s_d.lib
     1>已完成生成项目“I:\KrkrExtract\KrkrExtractDll\onig\onig_s.vcxproj”(Build 个目标)的操作。

生成成功。

已用时间 00:00:01.92
