生成启动时间为 2018/1/15 23:50:53。
     1>项目“D:\GitPool\KrkrExtract\KrkrExtract\KrkrExtractDll\KrkrExtractDll.vcxproj”在节点 2 上(Build 个目标)。
     1>ClCompile:
         D:\VSProgram\Microsoft Visual Studio 12.0\VC\bin\CL.exe /c /Zi /nologo /W3 /WX- /O2 /Oy- /GL /D WIN32 /D NDEBUG /D _WINDOWS /D _USRDLL /D KRKREXTRACTDLL_EXPORTS /D _WINDLL /D _UNICODE /D UNICODE /Gm- /EHsc /MT /GS /Gy /Zc:wchar_t /Zc:forScope /Fo"Release\\" /Fd"Release\vc120.pdb" /Gd /TP /analyze- /errorReport:prompt adler32.cpp AmvExtractor.cpp compress.cpp crc32.cpp crc64.cpp deflate.cpp FakePNG.cpp HandleTable.cpp KrkrExtract.cpp ImageWorkerNcb.cpp inffast.cpp inflate.cpp inftrees.cpp KrkrUniversalDumper.cpp Main.cpp KrkrTextDecode.cpp KrkrUniversalPatch.cpp lz4.cpp lz4frame.cpp lz4hc.cpp "mt19937-64.cpp" KrkrPacker.cpp KrkrDumper.cpp PEFile.cpp PNGWorker.cpp PsbDecompilerJson.cpp PsbFile.cpp PsbWorker.cpp SavePNG.cpp savetlg5.cpp Slide.cpp Tjs2Disasm.cpp tjs2\tjs.cpp tjs2\tjs.tab.cpp tjs2\tjsArray.cpp tjs2\tjsBinarySerializer.cpp tjs2\tjsByteCodeLoader.cpp tjs2\tjsCompileControl.cpp tjs2\tjsConfig.cpp tjs2\tjsConstArrayData.cpp tjs2\tjsDate.cpp tjs2\tjsdate.tab.cpp tjs2\tjsDateParser.cpp tjs2\tjsDebug.cpp tjs2\tjsDictionary.cpp tjs2\tjsDisassemble.cpp tjs2\tjsError.cpp tjs2\tjsException.cpp tjs2\tjsGlobalStringMap.cpp tjs2\tjsInterCodeExec.cpp tjs2\tjsInterCodeGen.cpp tjs2\tjsInterface.cpp tjs2\tjsLex.cpp tjs2\tjsMath.cpp tjs2\tjsMessage.cpp "tjs2\tjsMT19937ar-cok.cpp" tjs2\tjsNamespace.cpp tjs2\tjsNative.cpp tjs2\tjsObject.cpp tjs2\tjsObjectExtendable.cpp tjs2\tjsOctPack.cpp tjs2\tjspp.tab.cpp tjs2\tjsRandomGenerator.cpp tjs2\tjsRegExp.cpp tjs2\tjsScriptBlock.cpp tjs2\tjsScriptCache.cpp tjs2\tjsString.cpp tjs2\tjsUtils.cpp tjs2\tjsVariant.cpp tjs2\tjsVariantString.cpp TLGDecoder.cpp tp_stub.cpp tree.cpp uncompr.cpp utils.cpp XP3Parser.cpp xxhash.cpp zutil.cpp
         adler32.cpp
     1>D:\VSProgram\Microsoft Visual Studio 12.0\VC\include\my.h(21270): fatal error C1083: 无法打开包括文件: “ntnls.h”: No such file or directory
         AmvExtractor.cpp
     1>D:\VSProgram\Microsoft Visual Studio 12.0\VC\include\my.h(21270): fatal error C1083: 无法打开包括文件: “ntnls.h”: No such file or directory
         compress.cpp
         crc32.cpp
     1>D:\VSProgram\Microsoft Visual Studio 12.0\VC\include\my.h(21270): fatal error C1083: 无法打开包括文件: “ntnls.h”: No such file or directory
         crc64.cpp
     1>D:\VSProgram\Microsoft Visual Studio 12.0\VC\include\my.h(21270): fatal error C1083: 无法打开包括文件: “ntnls.h”: No such file or directory
         deflate.cpp
     1>D:\VSProgram\Microsoft Visual Studio 12.0\VC\include\my.h(21270): fatal error C1083: 无法打开包括文件: “ntnls.h”: No such file or directory
         FakePNG.cpp
     1>D:\VSProgram\Microsoft Visual Studio 12.0\VC\include\my.h(21270): fatal error C1083: 无法打开包括文件: “ntnls.h”: No such file or directory
         HandleTable.cpp
     1>D:\VSProgram\Microsoft Visual Studio 12.0\VC\include\my.h(21270): fatal error C1083: 无法打开包括文件: “ntnls.h”: No such file or directory
         KrkrExtract.cpp
     1>D:\VSProgram\Microsoft Visual Studio 12.0\VC\include\my.h(21270): fatal error C1083: 无法打开包括文件: “ntnls.h”: No such file or directory
         ImageWorkerNcb.cpp
         inffast.cpp
     1>D:\VSProgram\Microsoft Visual Studio 12.0\VC\include\my.h(21270): fatal error C1083: 无法打开包括文件: “ntnls.h”: No such file or directory
         inflate.cpp
     1>D:\VSProgram\Microsoft Visual Studio 12.0\VC\include\my.h(21270): fatal error C1083: 无法打开包括文件: “ntnls.h”: No such file or directory
         inftrees.cpp
     1>D:\VSProgram\Microsoft Visual Studio 12.0\VC\include\my.h(21270): fatal error C1083: 无法打开包括文件: “ntnls.h”: No such file or directory
         KrkrUniversalDumper.cpp
     1>D:\VSProgram\Microsoft Visual Studio 12.0\VC\include\my.h(21270): fatal error C1083: 无法打开包括文件: “ntnls.h”: No such file or directory
         Main.cpp
     1>D:\VSProgram\Microsoft Visual Studio 12.0\VC\include\my.h(21270): fatal error C1083: 无法打开包括文件: “ntnls.h”: No such file or directory
         KrkrTextDecode.cpp
     1>D:\VSProgram\Microsoft Visual Studio 12.0\VC\include\my.h(21270): fatal error C1083: 无法打开包括文件: “ntnls.h”: No such file or directory
         KrkrUniversalPatch.cpp
     1>D:\VSProgram\Microsoft Visual Studio 12.0\VC\include\my.h(21270): fatal error C1083: 无法打开包括文件: “ntnls.h”: No such file or directory
         lz4.cpp
     1>D:\VSProgram\Microsoft Visual Studio 12.0\VC\include\my.h(21270): fatal error C1083: 无法打开包括文件: “ntnls.h”: No such file or directory
         lz4frame.cpp
     1>D:\VSProgram\Microsoft Visual Studio 12.0\VC\include\my.h(21270): fatal error C1083: 无法打开包括文件: “ntnls.h”: No such file or directory
         lz4hc.cpp
     1>D:\VSProgram\Microsoft Visual Studio 12.0\VC\include\my.h(21270): fatal error C1083: 无法打开包括文件: “ntnls.h”: No such file or directory
         正在编译...
         mt19937-64.cpp
         KrkrPacker.cpp
     1>D:\VSProgram\Microsoft Visual Studio 12.0\VC\include\my.h(21270): fatal error C1083: 无法打开包括文件: “ntnls.h”: No such file or directory
         KrkrDumper.cpp
     1>D:\VSProgram\Microsoft Visual Studio 12.0\VC\include\my.h(21270): fatal error C1083: 无法打开包括文件: “ntnls.h”: No such file or directory
         PEFile.cpp
         PNGWorker.cpp
     1>D:\VSProgram\Microsoft Visual Studio 12.0\VC\include\my.h(21270): fatal error C1083: 无法打开包括文件: “ntnls.h”: No such file or directory
         PsbDecompilerJson.cpp
     1>D:\VSProgram\Microsoft Visual Studio 12.0\VC\include\my.h(21270): fatal error C1083: 无法打开包括文件: “ntnls.h”: No such file or directory
         PsbFile.cpp
     1>D:\VSProgram\Microsoft Visual Studio 12.0\VC\include\my.h(21270): fatal error C1083: 无法打开包括文件: “ntnls.h”: No such file or directory
         PsbWorker.cpp
     1>D:\VSProgram\Microsoft Visual Studio 12.0\VC\include\my.h(21270): fatal error C1083: 无法打开包括文件: “ntnls.h”: No such file or directory
         SavePNG.cpp
     1>D:\VSProgram\Microsoft Visual Studio 12.0\VC\include\my.h(21270): fatal error C1083: 无法打开包括文件: “ntnls.h”: No such file or directory
         savetlg5.cpp
     1>D:\VSProgram\Microsoft Visual Studio 12.0\VC\include\my.h(21270): fatal error C1083: 无法打开包括文件: “ntnls.h”: No such file or directory
         Slide.cpp
         Tjs2Disasm.cpp
     1>D:\VSProgram\Microsoft Visual Studio 12.0\VC\include\my.h(21270): fatal error C1083: 无法打开包括文件: “ntnls.h”: No such file or directory
         tjs.cpp
         tjs.tab.cpp
         tjsArray.cpp
         tjsBinarySerializer.cpp
         tjsByteCodeLoader.cpp
         tjsCompileControl.cpp
         tjsConfig.cpp
         tjsConstArrayData.cpp
         正在编译...
         tjsDate.cpp
         tjsdate.tab.cpp
         tjsDateParser.cpp
         tjsDebug.cpp
         tjsDictionary.cpp
         tjsDisassemble.cpp
     1>tjs2\tjsDisassemble.cpp(325): warning C4996: 'swprintf': swprintf has been changed to conform with the ISO C standard, adding an extra character count parameter. To use traditional Microsoft swprintf, set _CRT_NON_CONFORMING_SWPRINTFS.
                 D:\VSProgram\Microsoft Visual Studio 12.0\VC\include\swprintf.inl(85) : 参见“swprintf”的声明
     1>tjs2\tjsDisassemble.cpp(195): warning C4101: “buf”: 未引用的局部变量
         tjsError.cpp
         tjsException.cpp
         tjsGlobalStringMap.cpp
         tjsInterCodeExec.cpp
         tjsInterCodeGen.cpp
         tjsInterface.cpp
         tjsLex.cpp
         tjsMath.cpp
         tjsMessage.cpp
         tjsMT19937ar-cok.cpp
         tjsNamespace.cpp
         tjsNative.cpp
         tjsObject.cpp
         tjsObjectExtendable.cpp
         正在编译...
         tjsOctPack.cpp
         tjspp.tab.cpp
         tjsRandomGenerator.cpp
         tjsRegExp.cpp
         tjsScriptBlock.cpp
     1>tjs2\tjsScriptBlock.cpp(505): warning C4996: 'swprintf': swprintf has been changed to conform with the ISO C standard, adding an extra character count parameter. To use traditional Microsoft swprintf, set _CRT_NON_CONFORMING_SWPRINTFS.
                 D:\VSProgram\Microsoft Visual Studio 12.0\VC\include\swprintf.inl(85) : 参见“swprintf”的声明
     1>tjs2\tjsScriptBlock.cpp(510): warning C4996: 'swprintf': swprintf has been changed to conform with the ISO C standard, adding an extra character count parameter. To use traditional Microsoft swprintf, set _CRT_NON_CONFORMING_SWPRINTFS.
                 D:\VSProgram\Microsoft Visual Studio 12.0\VC\include\swprintf.inl(85) : 参见“swprintf”的声明
     1>tjs2\tjsScriptBlock.cpp(515): warning C4996: 'swprintf': swprintf has been changed to conform with the ISO C standard, adding an extra character count parameter. To use traditional Microsoft swprintf, set _CRT_NON_CONFORMING_SWPRINTFS.
                 D:\VSProgram\Microsoft Visual Studio 12.0\VC\include\swprintf.inl(85) : 参见“swprintf”的声明
     1>tjs2\tjsScriptBlock.cpp(538): warning C4996: 'swprintf': swprintf has been changed to conform with the ISO C standard, adding an extra character count parameter. To use traditional Microsoft swprintf, set _CRT_NON_CONFORMING_SWPRINTFS.
                 D:\VSProgram\Microsoft Visual Studio 12.0\VC\include\swprintf.inl(85) : 参见“swprintf”的声明
     1>tjs2\tjsScriptBlock.cpp(543): warning C4996: 'swprintf': swprintf has been changed to conform with the ISO C standard, adding an extra character count parameter. To use traditional Microsoft swprintf, set _CRT_NON_CONFORMING_SWPRINTFS.
                 D:\VSProgram\Microsoft Visual Studio 12.0\VC\include\swprintf.inl(85) : 参见“swprintf”的声明
     1>tjs2\tjsScriptBlock.cpp(548): warning C4996: 'swprintf': swprintf has been changed to conform with the ISO C standard, adding an extra character count parameter. To use traditional Microsoft swprintf, set _CRT_NON_CONFORMING_SWPRINTFS.
                 D:\VSProgram\Microsoft Visual Studio 12.0\VC\include\swprintf.inl(85) : 参见“swprintf”的声明
         tjsScriptCache.cpp
         tjsString.cpp
         tjsUtils.cpp
         tjsVariant.cpp
         tjsVariantString.cpp
         TLGDecoder.cpp
     1>D:\VSProgram\Microsoft Visual Studio 12.0\VC\include\my.h(21270): fatal error C1083: 无法打开包括文件: “ntnls.h”: No such file or directory
         tp_stub.cpp
         tree.cpp
     1>D:\VSProgram\Microsoft Visual Studio 12.0\VC\include\my.h(21270): fatal error C1083: 无法打开包括文件: “ntnls.h”: No such file or directory
         uncompr.cpp
         utils.cpp
         XP3Parser.cpp
     1>D:\VSProgram\Microsoft Visual Studio 12.0\VC\include\my.h(21270): fatal error C1083: 无法打开包括文件: “ntnls.h”: No such file or directory
         xxhash.cpp
     1>D:\VSProgram\Microsoft Visual Studio 12.0\VC\include\my.h(21270): fatal error C1083: 无法打开包括文件: “ntnls.h”: No such file or directory
         zutil.cpp
     1>D:\VSProgram\Microsoft Visual Studio 12.0\VC\include\my.h(21270): fatal error C1083: 无法打开包括文件: “ntnls.h”: No such file or directory
     1>已完成生成项目“D:\GitPool\KrkrExtract\KrkrExtract\KrkrExtractDll\KrkrExtractDll.vcxproj”(Build 个目标)的操作 - 失败。

生成失败。

已用时间 00:00:21.81
