e:\gitpool\krkrextract\krkrextract\krkrextract\krkrextractdll\release\vc120.pdb
e:\gitpool\krkrextract\krkrextract\krkrextract\krkrextractdll\release\lz4hc.obj
e:\gitpool\krkrextract\krkrextract\krkrextract\krkrextractdll\release\lz4frame.obj
e:\gitpool\krkrextract\krkrextract\krkrextract\krkrextractdll\release\lz4.obj
e:\gitpool\krkrextract\krkrextract\krkrextract\krkrextractdll\release\krkruniversalpatch.obj
e:\gitpool\krkrextract\krkrextract\krkrextract\krkrextractdll\release\krkrtextdecode.obj
e:\gitpool\krkrextract\krkrextract\krkrextract\krkrextractdll\release\main.obj
e:\gitpool\krkrextract\krkrextract\krkrextract\krkrextractdll\release\krkruniversaldumper.obj
e:\gitpool\krkrextract\krkrextract\krkrextract\krkrextractdll\release\inftrees.obj
e:\gitpool\krkrextract\krkrextract\krkrextract\krkrextractdll\release\inflate.obj
e:\gitpool\krkrextract\krkrextract\krkrextract\krkrextractdll\release\inffast.obj
e:\gitpool\krkrextract\krkrextract\krkrextract\krkrextractdll\release\imageworkerncb.obj
e:\gitpool\krkrextract\krkrextract\krkrextract\krkrextractdll\release\krkrextract.obj
e:\gitpool\krkrextract\krkrextract\krkrextract\krkrextractdll\release\handletable.obj
e:\gitpool\krkrextract\krkrextract\krkrextract\krkrextractdll\release\fakepng.obj
e:\gitpool\krkrextract\krkrextract\krkrextract\krkrextractdll\release\deflate.obj
e:\gitpool\krkrextract\krkrextract\krkrextract\krkrextractdll\release\crc64.obj
e:\gitpool\krkrextract\krkrextract\krkrextract\krkrextractdll\release\crc32.obj
e:\gitpool\krkrextract\krkrextract\krkrextract\krkrextractdll\release\compress.obj
e:\gitpool\krkrextract\krkrextract\krkrextract\krkrextractdll\release\amvextractor.obj
e:\gitpool\krkrextract\krkrextract\krkrextract\krkrextractdll\release\adler32.obj
e:\gitpool\krkrextract\krkrextract\krkrextract\krkrextractdll\release\tjsconstarraydata.obj
e:\gitpool\krkrextract\krkrextract\krkrextract\krkrextractdll\release\tjsconfig.obj
e:\gitpool\krkrextract\krkrextract\krkrextract\krkrextractdll\release\tjscompilecontrol.obj
e:\gitpool\krkrextract\krkrextract\krkrextract\krkrextractdll\release\tjsbytecodeloader.obj
e:\gitpool\krkrextract\krkrextract\krkrextract\krkrextractdll\release\tjsbinaryserializer.obj
e:\gitpool\krkrextract\krkrextract\krkrextract\krkrextractdll\release\tjsarray.obj
e:\gitpool\krkrextract\krkrextract\krkrextract\krkrextractdll\release\tjs.tab.obj
e:\gitpool\krkrextract\krkrextract\krkrextract\krkrextractdll\release\tjs.obj
e:\gitpool\krkrextract\krkrextract\krkrextract\krkrextractdll\release\tjs2disasm.obj
e:\gitpool\krkrextract\krkrextract\krkrextract\krkrextractdll\release\slide.obj
e:\gitpool\krkrextract\krkrextract\krkrextract\krkrextractdll\release\savetlg5.obj
e:\gitpool\krkrextract\krkrextract\krkrextract\krkrextractdll\release\savepng.obj
e:\gitpool\krkrextract\krkrextract\krkrextract\krkrextractdll\release\psbworker.obj
e:\gitpool\krkrextract\krkrextract\krkrextract\krkrextractdll\release\psbfile.obj
e:\gitpool\krkrextract\krkrextract\krkrextract\krkrextractdll\release\psbdecompilerjson.obj
e:\gitpool\krkrextract\krkrextract\krkrextract\krkrextractdll\release\pngworker.obj
e:\gitpool\krkrextract\krkrextract\krkrextract\krkrextractdll\release\pefile.obj
e:\gitpool\krkrextract\krkrextract\krkrextract\krkrextractdll\release\krkrdumper.obj
e:\gitpool\krkrextract\krkrextract\krkrextract\krkrextractdll\release\krkrpacker.obj
e:\gitpool\krkrextract\krkrextract\krkrextract\krkrextractdll\release\mt19937-64.obj
e:\gitpool\krkrextract\krkrextract\krkrextract\krkrextractdll\release\tjsobjectextendable.obj
e:\gitpool\krkrextract\krkrextract\krkrextract\krkrextractdll\release\tjsobject.obj
e:\gitpool\krkrextract\krkrextract\krkrextract\krkrextractdll\release\tjsnative.obj
e:\gitpool\krkrextract\krkrextract\krkrextract\krkrextractdll\release\tjsnamespace.obj
e:\gitpool\krkrextract\krkrextract\krkrextract\krkrextractdll\release\tjsmt19937ar-cok.obj
e:\gitpool\krkrextract\krkrextract\krkrextract\krkrextractdll\release\tjsmessage.obj
e:\gitpool\krkrextract\krkrextract\krkrextract\krkrextractdll\release\tjsmath.obj
e:\gitpool\krkrextract\krkrextract\krkrextract\krkrextractdll\release\tjslex.obj
e:\gitpool\krkrextract\krkrextract\krkrextract\krkrextractdll\release\tjsinterface.obj
e:\gitpool\krkrextract\krkrextract\krkrextract\krkrextractdll\release\tjsintercodegen.obj
e:\gitpool\krkrextract\krkrextract\krkrextract\krkrextractdll\release\tjsintercodeexec.obj
e:\gitpool\krkrextract\krkrextract\krkrextract\krkrextractdll\release\tjsglobalstringmap.obj
e:\gitpool\krkrextract\krkrextract\krkrextract\krkrextractdll\release\tjsexception.obj
e:\gitpool\krkrextract\krkrextract\krkrextract\krkrextractdll\release\tjserror.obj
e:\gitpool\krkrextract\krkrextract\krkrextract\krkrextractdll\release\tjsdisassemble.obj
e:\gitpool\krkrextract\krkrextract\krkrextract\krkrextractdll\release\tjsdictionary.obj
e:\gitpool\krkrextract\krkrextract\krkrextract\krkrextractdll\release\tjsdebug.obj
e:\gitpool\krkrextract\krkrextract\krkrextract\krkrextractdll\release\tjsdateparser.obj
e:\gitpool\krkrextract\krkrextract\krkrextract\krkrextractdll\release\tjsdate.tab.obj
e:\gitpool\krkrextract\krkrextract\krkrextract\krkrextractdll\release\tjsdate.obj
e:\gitpool\krkrextract\krkrextract\krkrextract\krkrextractdll\release\zutil.obj
e:\gitpool\krkrextract\krkrextract\krkrextract\krkrextractdll\release\xxhash.obj
e:\gitpool\krkrextract\krkrextract\krkrextract\krkrextractdll\release\xp3parser.obj
e:\gitpool\krkrextract\krkrextract\krkrextract\krkrextractdll\release\utils.obj
e:\gitpool\krkrextract\krkrextract\krkrextract\krkrextractdll\release\uncompr.obj
e:\gitpool\krkrextract\krkrextract\krkrextract\krkrextractdll\release\tree.obj
e:\gitpool\krkrextract\krkrextract\krkrextract\krkrextractdll\release\tp_stub.obj
e:\gitpool\krkrextract\krkrextract\krkrextract\krkrextractdll\release\tlgdecoder.obj
e:\gitpool\krkrextract\krkrextract\krkrextract\krkrextractdll\release\tjsvariantstring.obj
e:\gitpool\krkrextract\krkrextract\krkrextract\krkrextractdll\release\tjsvariant.obj
e:\gitpool\krkrextract\krkrextract\krkrextract\krkrextractdll\release\tjsutils.obj
e:\gitpool\krkrextract\krkrextract\krkrextract\krkrextractdll\release\tjsstring.obj
e:\gitpool\krkrextract\krkrextract\krkrextract\krkrextractdll\release\tjsscriptcache.obj
e:\gitpool\krkrextract\krkrextract\krkrextract\krkrextractdll\release\tjsscriptblock.obj
e:\gitpool\krkrextract\krkrextract\krkrextract\krkrextractdll\release\tjsregexp.obj
e:\gitpool\krkrextract\krkrextract\krkrextract\krkrextractdll\release\tjsrandomgenerator.obj
e:\gitpool\krkrextract\krkrextract\krkrextract\krkrextractdll\release\tjspp.tab.obj
e:\gitpool\krkrextract\krkrextract\krkrextract\krkrextractdll\release\tjsoctpack.obj
d:\gitpool\krkrextract\krkrextract\krkrextractdll\release\vc120.pdb
d:\gitpool\krkrextract\krkrextract\krkrextractdll\release\imageworkerncb.obj
d:\gitpool\krkrextract\krkrextract\krkrextractdll\release\compress.obj
d:\gitpool\krkrextract\krkrextract\krkrextractdll\release\tjsconstarraydata.obj
d:\gitpool\krkrextract\krkrextract\krkrextractdll\release\tjsconfig.obj
d:\gitpool\krkrextract\krkrextract\krkrextractdll\release\tjscompilecontrol.obj
d:\gitpool\krkrextract\krkrextract\krkrextractdll\release\tjsbytecodeloader.obj
d:\gitpool\krkrextract\krkrextract\krkrextractdll\release\tjsbinaryserializer.obj
d:\gitpool\krkrextract\krkrextract\krkrextractdll\release\tjsarray.obj
d:\gitpool\krkrextract\krkrextract\krkrextractdll\release\tjs.tab.obj
d:\gitpool\krkrextract\krkrextract\krkrextractdll\release\tjs.obj
d:\gitpool\krkrextract\krkrextract\krkrextractdll\release\slide.obj
d:\gitpool\krkrextract\krkrextract\krkrextractdll\release\pefile.obj
d:\gitpool\krkrextract\krkrextract\krkrextractdll\release\mt19937-64.obj
d:\gitpool\krkrextract\krkrextract\krkrextractdll\release\tjsobjectextendable.obj
d:\gitpool\krkrextract\krkrextract\krkrextractdll\release\tjsobject.obj
d:\gitpool\krkrextract\krkrextract\krkrextractdll\release\tjsnative.obj
d:\gitpool\krkrextract\krkrextract\krkrextractdll\release\tjsnamespace.obj
d:\gitpool\krkrextract\krkrextract\krkrextractdll\release\tjsmt19937ar-cok.obj
d:\gitpool\krkrextract\krkrextract\krkrextractdll\release\tjsmessage.obj
d:\gitpool\krkrextract\krkrextract\krkrextractdll\release\tjsmath.obj
d:\gitpool\krkrextract\krkrextract\krkrextractdll\release\tjslex.obj
d:\gitpool\krkrextract\krkrextract\krkrextractdll\release\tjsinterface.obj
d:\gitpool\krkrextract\krkrextract\krkrextractdll\release\tjsintercodegen.obj
d:\gitpool\krkrextract\krkrextract\krkrextractdll\release\tjsintercodeexec.obj
d:\gitpool\krkrextract\krkrextract\krkrextractdll\release\tjsglobalstringmap.obj
d:\gitpool\krkrextract\krkrextract\krkrextractdll\release\tjsexception.obj
d:\gitpool\krkrextract\krkrextract\krkrextractdll\release\tjserror.obj
d:\gitpool\krkrextract\krkrextract\krkrextractdll\release\tjsdisassemble.obj
d:\gitpool\krkrextract\krkrextract\krkrextractdll\release\tjsdictionary.obj
d:\gitpool\krkrextract\krkrextract\krkrextractdll\release\tjsdebug.obj
d:\gitpool\krkrextract\krkrextract\krkrextractdll\release\tjsdateparser.obj
d:\gitpool\krkrextract\krkrextract\krkrextractdll\release\tjsdate.tab.obj
d:\gitpool\krkrextract\krkrextract\krkrextractdll\release\tjsdate.obj
d:\gitpool\krkrextract\krkrextract\krkrextractdll\release\utils.obj
d:\gitpool\krkrextract\krkrextract\krkrextractdll\release\uncompr.obj
d:\gitpool\krkrextract\krkrextract\krkrextractdll\release\tp_stub.obj
d:\gitpool\krkrextract\krkrextract\krkrextractdll\release\tjsvariantstring.obj
d:\gitpool\krkrextract\krkrextract\krkrextractdll\release\tjsvariant.obj
d:\gitpool\krkrextract\krkrextract\krkrextractdll\release\tjsutils.obj
d:\gitpool\krkrextract\krkrextract\krkrextractdll\release\tjsstring.obj
d:\gitpool\krkrextract\krkrextract\krkrextractdll\release\tjsscriptcache.obj
d:\gitpool\krkrextract\krkrextract\krkrextractdll\release\tjsscriptblock.obj
d:\gitpool\krkrextract\krkrextract\krkrextractdll\release\tjsregexp.obj
d:\gitpool\krkrextract\krkrextract\krkrextractdll\release\tjsrandomgenerator.obj
d:\gitpool\krkrextract\krkrextract\krkrextractdll\release\tjspp.tab.obj
d:\gitpool\krkrextract\krkrextract\krkrextractdll\release\tjsoctpack.obj
c:\users\x'moe\desktop\krkrextract\krkrextract\krkrextractdll\release\vc120.pdb
c:\users\x'moe\desktop\krkrextract\krkrextract\krkrextractdll\release\imageworkerncb.obj
c:\users\x'moe\desktop\krkrextract\krkrextract\krkrextractdll\release\compress.obj
c:\users\x'moe\desktop\krkrextract\krkrextract\krkrextractdll\release\tjsconstarraydata.obj
c:\users\x'moe\desktop\krkrextract\krkrextract\krkrextractdll\release\tjsconfig.obj
c:\users\x'moe\desktop\krkrextract\krkrextract\krkrextractdll\release\tjscompilecontrol.obj
c:\users\x'moe\desktop\krkrextract\krkrextract\krkrextractdll\release\tjsbytecodeloader.obj
c:\users\x'moe\desktop\krkrextract\krkrextract\krkrextractdll\release\tjsbinaryserializer.obj
c:\users\x'moe\desktop\krkrextract\krkrextract\krkrextractdll\release\tjsarray.obj
c:\users\x'moe\desktop\krkrextract\krkrextract\krkrextractdll\release\tjs.tab.obj
c:\users\x'moe\desktop\krkrextract\krkrextract\krkrextractdll\release\tjs.obj
c:\users\x'moe\desktop\krkrextract\krkrextract\krkrextractdll\release\slide.obj
c:\users\x'moe\desktop\krkrextract\krkrextract\krkrextractdll\release\pefile.obj
c:\users\x'moe\desktop\krkrextract\krkrextract\krkrextractdll\release\mt19937-64.obj
c:\users\x'moe\desktop\krkrextract\krkrextract\krkrextractdll\release\tjsobjectextendable.obj
c:\users\x'moe\desktop\krkrextract\krkrextract\krkrextractdll\release\tjsobject.obj
c:\users\x'moe\desktop\krkrextract\krkrextract\krkrextractdll\release\tjsnative.obj
c:\users\x'moe\desktop\krkrextract\krkrextract\krkrextractdll\release\tjsnamespace.obj
c:\users\x'moe\desktop\krkrextract\krkrextract\krkrextractdll\release\tjsmt19937ar-cok.obj
c:\users\x'moe\desktop\krkrextract\krkrextract\krkrextractdll\release\tjsmessage.obj
c:\users\x'moe\desktop\krkrextract\krkrextract\krkrextractdll\release\tjsmath.obj
c:\users\x'moe\desktop\krkrextract\krkrextract\krkrextractdll\release\tjslex.obj
c:\users\x'moe\desktop\krkrextract\krkrextract\krkrextractdll\release\tjsinterface.obj
c:\users\x'moe\desktop\krkrextract\krkrextract\krkrextractdll\release\tjsintercodegen.obj
c:\users\x'moe\desktop\krkrextract\krkrextract\krkrextractdll\release\tjsintercodeexec.obj
c:\users\x'moe\desktop\krkrextract\krkrextract\krkrextractdll\release\tjsglobalstringmap.obj
c:\users\x'moe\desktop\krkrextract\krkrextract\krkrextractdll\release\tjsexception.obj
c:\users\x'moe\desktop\krkrextract\krkrextract\krkrextractdll\release\tjserror.obj
c:\users\x'moe\desktop\krkrextract\krkrextract\krkrextractdll\release\tjsdisassemble.obj
c:\users\x'moe\desktop\krkrextract\krkrextract\krkrextractdll\release\tjsdictionary.obj
c:\users\x'moe\desktop\krkrextract\krkrextract\krkrextractdll\release\tjsdebug.obj
c:\users\x'moe\desktop\krkrextract\krkrextract\krkrextractdll\release\tjsdateparser.obj
c:\users\x'moe\desktop\krkrextract\krkrextract\krkrextractdll\release\tjsdate.tab.obj
c:\users\x'moe\desktop\krkrextract\krkrextract\krkrextractdll\release\tjsdate.obj
c:\users\x'moe\desktop\krkrextract\krkrextract\krkrextractdll\release\utils.obj
c:\users\x'moe\desktop\krkrextract\krkrextract\krkrextractdll\release\uncompr.obj
c:\users\x'moe\desktop\krkrextract\krkrextract\krkrextractdll\release\tp_stub.obj
c:\users\x'moe\desktop\krkrextract\krkrextract\krkrextractdll\release\tjsvariantstring.obj
c:\users\x'moe\desktop\krkrextract\krkrextract\krkrextractdll\release\tjsvariant.obj
c:\users\x'moe\desktop\krkrextract\krkrextract\krkrextractdll\release\tjsutils.obj
c:\users\x'moe\desktop\krkrextract\krkrextract\krkrextractdll\release\tjsstring.obj
c:\users\x'moe\desktop\krkrextract\krkrextract\krkrextractdll\release\tjsscriptcache.obj
c:\users\x'moe\desktop\krkrextract\krkrextract\krkrextractdll\release\tjsscriptblock.obj
c:\users\x'moe\desktop\krkrextract\krkrextract\krkrextractdll\release\tjsregexp.obj
c:\users\x'moe\desktop\krkrextract\krkrextract\krkrextractdll\release\tjsrandomgenerator.obj
c:\users\x'moe\desktop\krkrextract\krkrextract\krkrextractdll\release\tjspp.tab.obj
c:\users\x'moe\desktop\krkrextract\krkrextract\krkrextractdll\release\tjsoctpack.obj
c:\users\x'moe\desktop\krkrextract\krkrextract\krkrextractdll\release\lz4hc.obj
c:\users\x'moe\desktop\krkrextract\krkrextract\krkrextractdll\release\lz4frame.obj
c:\users\x'moe\desktop\krkrextract\krkrextract\krkrextractdll\release\lz4.obj
c:\users\x'moe\desktop\krkrextract\krkrextract\krkrextractdll\release\krkruniversalpatch.obj
c:\users\x'moe\desktop\krkrextract\krkrextract\krkrextractdll\release\krkrtextdecode.obj
c:\users\x'moe\desktop\krkrextract\krkrextract\krkrextractdll\release\krkruniversaldumper.obj
c:\users\x'moe\desktop\krkrextract\krkrextract\krkrextractdll\release\inftrees.obj
c:\users\x'moe\desktop\krkrextract\krkrextract\krkrextractdll\release\inflate.obj
c:\users\x'moe\desktop\krkrextract\krkrextract\krkrextractdll\release\inffast.obj
c:\users\x'moe\desktop\krkrextract\krkrextract\krkrextractdll\release\krkrextract.obj
c:\users\x'moe\desktop\krkrextract\krkrextract\krkrextractdll\release\handletable.obj
c:\users\x'moe\desktop\krkrextract\krkrextract\krkrextractdll\release\fakepng.obj
c:\users\x'moe\desktop\krkrextract\krkrextract\krkrextractdll\release\deflate.obj
c:\users\x'moe\desktop\krkrextract\krkrextract\krkrextractdll\release\crc64.obj
c:\users\x'moe\desktop\krkrextract\krkrextract\krkrextractdll\release\crc32.obj
c:\users\x'moe\desktop\krkrextract\krkrextract\krkrextractdll\release\amvextractor.obj
c:\users\x'moe\desktop\krkrextract\krkrextract\krkrextractdll\release\adler32.obj
c:\users\x'moe\desktop\krkrextract\krkrextract\krkrextractdll\release\zutil.obj
c:\users\x'moe\desktop\krkrextract\krkrextract\krkrextractdll\release\xxhash.obj
c:\users\x'moe\desktop\krkrextract\krkrextract\krkrextractdll\release\xp3parser.obj
c:\users\x'moe\desktop\krkrextract\krkrextract\krkrextractdll\release\tree.obj
c:\users\x'moe\desktop\krkrextract\krkrextract\krkrextractdll\release\tlgdecoder.obj
c:\users\x'moe\desktop\krkrextract\krkrextract\krkrextractdll\release\tjs2disasm.obj
c:\users\x'moe\desktop\krkrextract\krkrextract\krkrextractdll\release\savetlg5.obj
c:\users\x'moe\desktop\krkrextract\krkrextract\krkrextractdll\release\savepng.obj
c:\users\x'moe\desktop\krkrextract\krkrextract\krkrextractdll\release\psbworker.obj
c:\users\x'moe\desktop\krkrextract\krkrextract\krkrextractdll\release\psbfile.obj
c:\users\x'moe\desktop\krkrextract\krkrextract\krkrextractdll\release\psbdecompilerjson.obj
c:\users\x'moe\desktop\krkrextract\krkrextract\krkrextractdll\release\pngworker.obj
c:\users\x'moe\desktop\krkrextract\krkrextract\krkrextractdll\release\krkrdumper.obj
c:\users\x'moe\desktop\krkrextract\krkrextract\krkrextractdll\release\krkrpacker.obj
e:\gitpool\krkrextract\krkrextract\krkrextract\release\krkrextract.lib
e:\gitpool\krkrextract\krkrextract\krkrextract\release\krkrextract.exp
e:\gitpool\krkrextract\krkrextract\krkrextract\release\krkrextract.dll
e:\gitpool\krkrextract\krkrextract\krkrextract\release\krkrextract.pdb
e:\gitpool\krkrextract\krkrextract\krkrextract\krkrextractdll\release\krkrextractdll.res
c:\users\x'moe\desktop\krkrextract\krkrextract\krkrextractdll\release\krkrextractdll.res
c:\users\x'moe\desktop\krkrextract\krkrextract\release\krkrextract.pdb
c:\users\x'moe\desktop\krkrextract\krkrextract\release\krkrextract.dll
c:\users\x'moe\desktop\krkrextract\krkrextract\krkrextractdll\release\krkrextractdll.tlog\cl.command.1.tlog
c:\users\x'moe\desktop\krkrextract\krkrextract\krkrextractdll\release\krkrextractdll.tlog\cl.read.1.tlog
c:\users\x'moe\desktop\krkrextract\krkrextract\krkrextractdll\release\krkrextractdll.tlog\cl.write.1.tlog
c:\users\x'moe\desktop\krkrextract\krkrextract\krkrextractdll\release\krkrextractdll.tlog\krkrextractdll.write.1u.tlog
c:\users\x'moe\desktop\krkrextract\krkrextract\krkrextractdll\release\krkrextractdll.tlog\link.command.1.tlog
c:\users\x'moe\desktop\krkrextract\krkrextract\krkrextractdll\release\krkrextractdll.tlog\link.read.1.tlog
c:\users\x'moe\desktop\krkrextract\krkrextract\krkrextractdll\release\krkrextractdll.tlog\link.write.1.tlog
c:\users\x'moe\desktop\krkrextract\krkrextract\krkrextractdll\release\krkrextractdll.tlog\rc.command.1.tlog
c:\users\x'moe\desktop\krkrextract\krkrextract\krkrextractdll\release\krkrextractdll.tlog\rc.read.1.tlog
c:\users\x'moe\desktop\krkrextract\krkrextract\krkrextractdll\release\krkrextractdll.tlog\rc.write.1.tlog
