生成启动时间为 2017/12/19 16:06:55。
     1>项目“I:\git\KrkrExtract\KrkrzUniversalPatch\KrkrzUniversalPatch.vcxproj”在节点 2 上(Build 个目标)。
     1>ClCompile:
         E:\VSProgram\Visual Studio 2013 Ultimate\VC\bin\CL.exe /c /Zi /nologo /W3 /WX- /O2 /Oi /Oy- /GL /D WIN32 /D NDEBUG /D _WINDOWS /D _USRDLL /D KRKRZUNIVERSALPATCH_EXPORTS /D _WINDLL /D _UNICODE /D UNICODE /Gm- /EHsc /MT /GS /Gy /Zc:wchar_t /Zc:forScope /Fo"Release\\" /Fd"Release\vc120.pdb" /Gd /TP /analyze- /errorReport:prompt PsbText.cpp
         PsbText.cpp
     1>PsbText.cpp(81): warning C4018: “<”: 有符号/无符号不匹配
     1>PsbText.cpp(88): warning C4018: “<”: 有符号/无符号不匹配
     1>PsbText.cpp(95): warning C4018: “<”: 有符号/无符号不匹配
     1>PsbText.cpp(123): warning C4018: “<”: 有符号/无符号不匹配
     1>PsbText.cpp(131): warning C4018: “<”: 有符号/无符号不匹配
     1>PsbText.cpp(151): warning C4244: “=”: 从“DWORD”转换到“char”，可能丢失数据
     1>PsbText.cpp(154): warning C4018: “<=”: 有符号/无符号不匹配
     1>PsbText.cpp(157): warning C4996: 'strncpy': This function or variable may be unsafe. Consider using strncpy_s instead. To disable deprecation, use _CRT_SECURE_NO_WARNINGS. See online help for details.
                 E:\VSProgram\Visual Studio 2013 Ultimate\VC\include\string.h(195) : 参见“strncpy”的声明
     1>PsbText.cpp(213): warning C4018: “<”: 有符号/无符号不匹配
     1>PsbText.cpp(256): warning C4018: “<”: 有符号/无符号不匹配
     1>PsbText.cpp(277): warning C4018: “<”: 有符号/无符号不匹配
     1>PsbText.cpp(347): warning C4018: “<”: 有符号/无符号不匹配
     1>PsbText.cpp(425): warning C4018: “<”: 有符号/无符号不匹配
     1>PsbText.cpp(443): warning C4018: “<”: 有符号/无符号不匹配
     1>PsbText.cpp(500): warning C4018: “<”: 有符号/无符号不匹配
     1>PsbText.cpp(518): warning C4018: “<”: 有符号/无符号不匹配
     1>PsbText.cpp(575): warning C4018: “<”: 有符号/无符号不匹配
     1>PsbText.cpp(602): warning C4018: “<”: 有符号/无符号不匹配
     1>PsbText.cpp(659): warning C4018: “<”: 有符号/无符号不匹配
     1>PsbText.cpp(686): warning C4018: “<”: 有符号/无符号不匹配
     1>PsbText.cpp(728): warning C4018: “<=”: 有符号/无符号不匹配
     1>PsbText.cpp(824): warning C4018: “<”: 有符号/无符号不匹配
     1>PsbText.cpp(825): warning C4018: “>”: 有符号/无符号不匹配
     1>PsbText.cpp(855): warning C4018: “<”: 有符号/无符号不匹配
     1>PsbText.cpp(856): warning C4018: “>”: 有符号/无符号不匹配
       Link:
         E:\VSProgram\Visual Studio 2013 Ultimate\VC\bin\link.exe /ERRORREPORT:PROMPT /OUT:"I:\git\KrkrExtract\Release\KrkrUniversalPatch.dll" /INCREMENTAL:NO /NOLOGO kernel32.lib user32.lib gdi32.lib winspool.lib comdlg32.lib advapi32.lib shell32.lib ole32.lib oleaut32.lib uuid.lib odbc32.lib odbccp32.lib /MANIFEST:NO /DEBUG /PDB:"I:\git\KrkrExtract\Release\KrkrUniversalPatch.pdb" /SUBSYSTEM:WINDOWS /OPT:REF /OPT:ICF /LTCG /TLBID:1 /DYNAMICBASE:NO /NXCOMPAT /IMPLIB:"I:\git\KrkrExtract\Release\KrkrUniversalPatch.lib" /MACHINE:X86 /SAFESEH /DLL Release\KrkrzUniversalPatch.res
         Release\IStreamExXP3.obj
         Release\KaresekaHook.obj
         Release\KrkrzUniversalPatch.obj
         Release\MyHook.obj
         Release\cc_stream.obj
         Release\compiler.obj
         Release\psb.obj
         Release\psb_cc.obj
         Release\psb_cc_array.obj
         Release\psb_cc_base.obj
         Release\psb_cc_boolean.obj
         Release\psb_cc_btree.obj
         Release\psb_cc_collection.obj
         Release\psb_cc_decimal.obj
         Release\psb_cc_integer.obj
         Release\psb_cc_null.obj
         Release\psb_cc_object.obj
         Release\psb_cc_resource.obj
         Release\psb_cc_string.obj
         Release\psb_compiler_center.obj
         Release\psb_link.obj
         Release\psb_link_resource.obj
         Release\PsbText.obj
         Release\StreamHolderXP3.obj
         Release\tp_stub.obj
            正在创建库 I:\git\KrkrExtract\Release\KrkrUniversalPatch.lib 和对象 I:\git\KrkrExtract\Release\KrkrUniversalPatch.exp
         正在生成代码
         已完成代码的生成
         KrkrzUniversalPatch.vcxproj -> I:\git\KrkrExtract\Release\KrkrUniversalPatch.dll
       PostBuildEvent:
         copy /Y "I:\git\KrkrExtract\Release\KrkrUniversalPatch.dll" "I:\git\KrkrExtract\KrkrExtractDll\"
         
         :VCEnd
                 1 file(s) copied.
     1>已完成生成项目“I:\git\KrkrExtract\KrkrzUniversalPatch\KrkrzUniversalPatch.vcxproj”(Build 个目标)的操作。

生成成功。

已用时间 00:00:04.23
